Debug: 15:14:45  Socket/Socket.cpp: 14  create socket 4 success
Debug: 15:14:45  Socket/Socket.cpp: 44  Bind success 
Debug: 15:14:45  Socket/Socket.cpp: 58  4 is listening...
Debug: 15:14:45  Thread/Thread_Dispatch.cpp: 11  Thread_Dispatch 140127375628032 is start
Debug: 15:14:45  Thread/Thread_Poll.cpp: 23  Thread 140127367235328 is in poll
Debug: 15:14:45  Thread/WorkThread.cpp: 8  Thread 140127367235328 start
Debug: 15:14:45  Thread/Thread_Poll.cpp: 23  Thread 140127358842624 is in poll
Debug: 15:14:45  Thread/Thread_Poll.cpp: 23  Thread 140127350449920 is in poll
Debug: 15:14:45  Thread/WorkThread.cpp: 8  Thread 140127350449920 start
Debug: 15:14:45  Thread/WorkThread.cpp: 8  Thread 140127358842624 start
Debug: 15:14:45  Thread/WorkThread.cpp: 8  Thread 140127133234944 start
Debug: 15:14:45  Thread/Thread_Poll.cpp: 23  Thread 140127133234944 is in poll
Debug: 15:14:45  Thread/Thread_Poll.cpp: 23  Thread 140127124842240 is in poll
Debug: 15:14:45  Thread/WorkThread.cpp: 8  Thread 140127124842240 start
Debug: 15:14:45  Thread/Thread_Poll.cpp: 23  Thread 140127116449536 is in poll
Debug: 15:14:45  Thread/WorkThread.cpp: 8  Thread 140127116449536 start
Debug: 15:14:45  Thread/Thread_Poll.cpp: 23  Thread 140127108056832 is in poll
Debug: 15:14:45  Thread/WorkThread.cpp: 8  Thread 140127108056832 start
Debug: 15:14:45  Thread/Thread_Poll.cpp: 23  Thread 140127099664128 is in poll
Debug: 15:14:45  Thread/WorkThread.cpp: 8  Thread 140127099664128 start
Debug: 15:14:53  Socket/Socket.cpp: 86  6 accept success
Info: 15:15:0  Task/Work_Task.cpp: 60  6 socket recv len is 8
Info: 15:15:17  Task/Work_Task.cpp: 60  6 socket recv len is 19
Info: 15:15:17  Task/Work_Task.cpp: 60  6 socket recv len is 8
Info: 15:15:39  Task/Work_Task.cpp: 60  6 socket recv len is 4
Debug: 15:16:6  Task/Work_Task.cpp: 19  6 is close
Debug: 15:16:6  Socket/Socket.cpp: 110  6 is closed
Debug: 15:16:14  Socket/Socket.cpp: 86  6 accept success
Info: 15:16:18  Task/Work_Task.cpp: 60  6 socket recv len is 5
Debug: 15:16:21  Task/Work_Task.cpp: 19  6 is close
Debug: 15:16:21  Socket/Socket.cpp: 110  6 is closed
Debug: 15:18:30  Socket/Socket.cpp: 14  create socket 4 success
Debug: 15:18:30  Socket/Socket.cpp: 44  Bind success 
Debug: 15:18:30  Socket/Socket.cpp: 58  4 is listening...
Debug: 15:18:30  Thread/Thread_Dispatch.cpp: 11  Thread_Dispatch 140553350477568 is start
Debug: 15:18:30  Thread/Thread_Poll.cpp: 23  Thread 140553342084864 is in poll
Debug: 15:18:30  Thread/WorkThread.cpp: 8  Thread 140553342084864 start
Debug: 15:18:30  Thread/Thread_Poll.cpp: 23  Thread 140553333692160 is in poll
Debug: 15:18:30  Thread/Thread_Poll.cpp: 23  Thread 140553325299456 is in poll
Debug: 15:18:30  Thread/WorkThread.cpp: 8  Thread 140553333692160 start
Debug: 15:18:30  Thread/Thread_Poll.cpp: 23  Thread 140553316906752 is in poll
Debug: 15:18:30  Thread/WorkThread.cpp: 8  Thread 140553325299456 start
Debug: 15:18:30  Thread/Thread_Poll.cpp: 23  Thread 140553308514048 is in poll
Debug: 15:18:30  Thread/Thread_Poll.cpp: 23  Thread 140553300121344 is in poll
Debug: 15:18:30  Thread/WorkThread.cpp: 8  Thread 140553308514048 start
Debug: 15:18:30  Thread/Thread_Poll.cpp: 23  Thread 140553291728640 is in poll
Debug: 15:18:30  Thread/WorkThread.cpp: 8  Thread 140553291728640 start
Debug: 15:18:30  Thread/Thread_Poll.cpp: 23  Thread 140553283335936 is in poll
Debug: 15:18:30  Thread/WorkThread.cpp: 8  Thread 140553316906752 start
Debug: 15:18:30  Thread/WorkThread.cpp: 8  Thread 140553300121344 start
Debug: 15:18:30  Thread/WorkThread.cpp: 8  Thread 140553283335936 start
Debug: 15:18:33  Socket/Socket.cpp: 86  6 accept success
Info: 15:18:35  Task/Work_Task.cpp: 60  6 socket recv len is 19
Info: 15:18:35  Task/Work_Task.cpp: 60  6 socket recv len is 17
Info: 15:18:57  Task/Work_Task.cpp: 60  6 socket recv len is 19
Info: 15:18:57  Task/Work_Task.cpp: 60  6 socket recv len is 3
Debug: 15:18:59  Task/Work_Task.cpp: 19  6 is close
Debug: 15:18:59  Socket/Socket.cpp: 110  6 is closed
Debug: 15:19:46  Socket/Socket.cpp: 14  create socket 4 success
Debug: 15:19:46  Socket/Socket.cpp: 44  Bind success 
Debug: 15:19:46  Socket/Socket.cpp: 58  4 is listening...
Debug: 15:19:46  Thread/Thread_Dispatch.cpp: 11  Thread_Dispatch 139907807475456 is start
Debug: 15:19:46  Thread/Thread_Poll.cpp: 23  Thread 139907799082752 is in poll
Debug: 15:19:46  Thread/WorkThread.cpp: 8  Thread 139907799082752 start
Debug: 15:19:46  Thread/Thread_Poll.cpp: 23  Thread 139907790690048 is in poll
Debug: 15:19:46  Thread/WorkThread.cpp: 8  Thread 139907790690048 start
Debug: 15:19:46  Thread/Thread_Poll.cpp: 23  Thread 139907782297344 is in poll
Debug: 15:19:46  Thread/WorkThread.cpp: 8  Thread 139907782297344 start
Debug: 15:19:46  Thread/Thread_Poll.cpp: 23  Thread 139907773904640 is in poll
Debug: 15:19:46  Thread/WorkThread.cpp: 8  Thread 139907773904640 start
Debug: 15:19:46  Thread/Thread_Poll.cpp: 23  Thread 139907765511936 is in poll
Debug: 15:19:46  Thread/WorkThread.cpp: 8  Thread 139907765511936 start
Debug: 15:19:46  Thread/Thread_Poll.cpp: 23  Thread 139907553031936 is in poll
Debug: 15:19:46  Thread/WorkThread.cpp: 8  Thread 139907553031936 start
Debug: 15:19:46  Thread/Thread_Poll.cpp: 23  Thread 139907544639232 is in poll
Debug: 15:19:46  Thread/WorkThread.cpp: 8  Thread 139907544639232 start
Debug: 15:19:46  Thread/Thread_Poll.cpp: 23  Thread 139907536246528 is in poll
Debug: 15:19:46  Thread/WorkThread.cpp: 8  Thread 139907536246528 start
Debug: 15:19:49  Socket/Socket.cpp: 86  6 accept success
Info: 15:19:51  Task/Work_Task.cpp: 60  6 socket recv len is 27
Info: 15:19:58  Task/Work_Task.cpp: 60  6 socket recv len is 48
Debug: 15:20:1  Task/Work_Task.cpp: 19  6 is close
Debug: 15:20:1  Socket/Socket.cpp: 110  6 is closed
